FILE_TYPE=LIBRARY_PARTS;
PRIMITIVE '381LX473M016A452','381LX473M016A452_Capacitor, Polarized Radial Diameter';
  PIN
    '+':
      PIN_NUMBER='(1)';
      NO_LOAD_CHECK=BOTH;
      NO_IO_CHECK=BOTH;
      ALLOW_CONNECT=TRUE;
      PINUSE='UNSPEC';
    '-':
      PIN_NUMBER='(2)';
      NO_LOAD_CHECK=BOTH;
      NO_IO_CHECK=BOTH;
      ALLOW_CONNECT=TRUE;
      PINUSE='GROUND';
  END_PIN;
  BODY
    PART_NAME='381LX473M016A452';
    PHYS_DES_PREFIX='C';
    NO_LOAD_CHECK='TRUE';
    PIN_COUNT='2';
    BODY_NAME='381LX473M016A452';
    JEDEC_TYPE='CAPPRD1000W200D3550H4700';
  END_BODY;
END_PRIMITIVE;
END.
