FILE_TYPE=LIBRARY_PARTS;
PRIMITIVE 'EEE_FP0J102AL','EEE_FP0J102AL_Other';
  PIN
    '+':
      PIN_NUMBER='(1)';
      NO_LOAD_CHECK=BOTH;
      NO_IO_CHECK=BOTH;
      ALLOW_CONNECT=TRUE;
      PINUSE='UNSPEC';
    '-':
      PIN_NUMBER='(2)';
      NO_LOAD_CHECK=BOTH;
      NO_IO_CHECK=BOTH;
      ALLOW_CONNECT=TRUE;
      PINUSE='UNSPEC';
  END_PIN;
  BODY
    PART_NAME='EEE_FP0J102AL';
    PHYS_DES_PREFIX='C';
    NO_LOAD_CHECK='TRUE';
    PIN_COUNT='2';
    BODY_NAME='EEE_FP0J102AL';
    JEDEC_TYPE='EEETC1V470P';
  END_BODY;
END_PRIMITIVE;
END.
