FILE_TYPE=LIBRARY_PARTS;
PRIMITIVE 'TR3W108M6R3C0050','TR3W108M6R3C0050_Capacitor Moulded Polarised';
  PIN
    '+':
      PIN_NUMBER='(1)';
      NO_LOAD_CHECK=BOTH;
      NO_IO_CHECK=BOTH;
      ALLOW_CONNECT=TRUE;
      PINUSE='UNSPEC';
    '-':
      PIN_NUMBER='(2)';
      NO_LOAD_CHECK=BOTH;
      NO_IO_CHECK=BOTH;
      ALLOW_CONNECT=TRUE;
      PINUSE='UNSPEC';
  END_PIN;
  BODY
    PART_NAME='TR3W108M6R3C0050';
    PHYS_DES_PREFIX='C';
    NO_LOAD_CHECK='TRUE';
    PIN_COUNT='2';
    BODY_NAME='TR3W108M6R3C0050';
    JEDEC_TYPE='CAPPM7360X580N';
  END_BODY;
END_PRIMITIVE;
END.
