FILE_TYPE=LIBRARY_PARTS;
PRIMITIVE 'TS21_34_035_BK_160_SMT_TR','TS21_34_035_BK_160_SMT_TR_Other';
  PIN
    'COM_1':
      PIN_NUMBER='(1)';
      NO_LOAD_CHECK=BOTH;
      NO_IO_CHECK=BOTH;
      ALLOW_CONNECT=TRUE;
      PINUSE='UNSPEC';
    'COM_2':
      PIN_NUMBER='(2)';
      NO_LOAD_CHECK=BOTH;
      NO_IO_CHECK=BOTH;
      ALLOW_CONNECT=TRUE;
      PINUSE='UNSPEC';
    'NO_1':
      PIN_NUMBER='(3)';
      NO_LOAD_CHECK=BOTH;
      NO_IO_CHECK=BOTH;
      ALLOW_CONNECT=TRUE;
      PINUSE='UNSPEC';
    'NO_2':
      PIN_NUMBER='(4)';
      NO_LOAD_CHECK=BOTH;
      NO_IO_CHECK=BOTH;
      ALLOW_CONNECT=TRUE;
      PINUSE='UNSPEC';
    'MP1':
      PIN_NUMBER='(MP1)';
      NO_LOAD_CHECK=BOTH;
      NO_IO_CHECK=BOTH;
      ALLOW_CONNECT=TRUE;
      PINUSE='UNSPEC';
    'MP2':
      PIN_NUMBER='(MP2)';
      NO_LOAD_CHECK=BOTH;
      NO_IO_CHECK=BOTH;
      ALLOW_CONNECT=TRUE;
      PINUSE='UNSPEC';
  END_PIN;
  BODY
    PART_NAME='TS21_34_035_BK_160_SMT_TR';
    PHYS_DES_PREFIX='S';
    NO_LOAD_CHECK='TRUE';
    PIN_COUNT='6';
    BODY_NAME='TS21_34_035_BK_160_SMT_TR';
    JEDEC_TYPE='TS2134035BK160SMTTR';
  END_BODY;
END_PRIMITIVE;
END.
