FILE_TYPE=LIBRARY_PARTS;
PRIMITIVE 'TPMV108M006R0020','TPMV108M006R0020_Capacitor Moulded Polarised';
  PIN
    '+':
      PIN_NUMBER='(1)';
      NO_LOAD_CHECK=BOTH;
      NO_IO_CHECK=BOTH;
      ALLOW_CONNECT=TRUE;
      PINUSE='UNSPEC';
    '-':
      PIN_NUMBER='(2)';
      NO_LOAD_CHECK=BOTH;
      NO_IO_CHECK=BOTH;
      ALLOW_CONNECT=TRUE;
      PINUSE='UNSPEC';
  END_PIN;
  BODY
    PART_NAME='TPMV108M006R0020';
    PHYS_DES_PREFIX='C';
    NO_LOAD_CHECK='TRUE';
    PIN_COUNT='2';
    BODY_NAME='TPMV108M006R0020';
    JEDEC_TYPE='CAPPM7362X375N';
  END_BODY;
END_PRIMITIVE;
END.
