ARM GAS  C:\Users\ardav\AppData\Local\Temp\ccD4keUI.s 			page 1


   1              		.cpu cortex-m3
   2              		.arch armv7-m
   3              		.fpu softvfp
   4              		.eabi_attribute 20, 1
   5              		.eabi_attribute 21, 1
   6              		.eabi_attribute 23, 3
   7              		.eabi_attribute 24, 1
   8              		.eabi_attribute 25, 1
   9              		.eabi_attribute 26, 1
  10              		.eabi_attribute 30, 1
  11              		.eabi_attribute 34, 1
  12              		.eabi_attribute 18, 4
  13              		.file	"gpio.c"
  14              		.text
  15              	.Ltext0:
  16              		.cfi_sections	.debug_frame
  17              		.section	.text.MX_GPIO_Init,"ax",%progbits
  18              		.align	1
  19              		.global	MX_GPIO_Init
  20              		.syntax unified
  21              		.thumb
  22              		.thumb_func
  24              	MX_GPIO_Init:
  25              	.LFB65:
  26              		.file 1 "Core/Src/gpio.c"
   1:Core/Src/gpio.c **** /* USER CODE BEGIN Header */
   2:Core/Src/gpio.c **** /**
   3:Core/Src/gpio.c ****   ******************************************************************************
   4:Core/Src/gpio.c ****   * @file    gpio.c
   5:Core/Src/gpio.c ****   * @brief   This file provides code for the configuration
   6:Core/Src/gpio.c ****   *          of all used GPIO pins.
   7:Core/Src/gpio.c ****   ******************************************************************************
   8:Core/Src/gpio.c ****   * @attention
   9:Core/Src/gpio.c ****   *
  10:Core/Src/gpio.c ****   * Copyright (c) 2024 STMicroelectronics.
  11:Core/Src/gpio.c ****   * All rights reserved.
  12:Core/Src/gpio.c ****   *
  13:Core/Src/gpio.c ****   * This software is licensed under terms that can be found in the LICENSE file
  14:Core/Src/gpio.c ****   * in the root directory of this software component.
  15:Core/Src/gpio.c ****   * If no LICENSE file comes with this software, it is provided AS-IS.
  16:Core/Src/gpio.c ****   *
  17:Core/Src/gpio.c ****   ******************************************************************************
  18:Core/Src/gpio.c ****   */
  19:Core/Src/gpio.c **** /* USER CODE END Header */
  20:Core/Src/gpio.c **** 
  21:Core/Src/gpio.c **** /* Includes ------------------------------------------------------------------*/
  22:Core/Src/gpio.c **** #include "gpio.h"
  23:Core/Src/gpio.c **** 
  24:Core/Src/gpio.c **** /* USER CODE BEGIN 0 */
  25:Core/Src/gpio.c **** 
  26:Core/Src/gpio.c **** /* USER CODE END 0 */
  27:Core/Src/gpio.c **** 
  28:Core/Src/gpio.c **** /*----------------------------------------------------------------------------*/
  29:Core/Src/gpio.c **** /* Configure GPIO                                                             */
  30:Core/Src/gpio.c **** /*----------------------------------------------------------------------------*/
  31:Core/Src/gpio.c **** /* USER CODE BEGIN 1 */
  32:Core/Src/gpio.c **** 
ARM GAS  C:\Users\ardav\AppData\Local\Temp\ccD4keUI.s 			page 2


  33:Core/Src/gpio.c **** /* USER CODE END 1 */
  34:Core/Src/gpio.c **** 
  35:Core/Src/gpio.c **** /** Configure pins as
  36:Core/Src/gpio.c ****         * Analog
  37:Core/Src/gpio.c ****         * Input
  38:Core/Src/gpio.c ****         * Output
  39:Core/Src/gpio.c ****         * EVENT_OUT
  40:Core/Src/gpio.c ****         * EXTI
  41:Core/Src/gpio.c **** */
  42:Core/Src/gpio.c **** void MX_GPIO_Init(void)
  43:Core/Src/gpio.c **** {
  27              		.loc 1 43 1 view -0
  28              		.cfi_startproc
  29              		@ args = 0, pretend = 0, frame = 32
  30              		@ frame_needed = 0, uses_anonymous_args = 0
  31 0000 2DE9F041 		push	{r4, r5, r6, r7, r8, lr}
  32              	.LCFI0:
  33              		.cfi_def_cfa_offset 24
  34              		.cfi_offset 4, -24
  35              		.cfi_offset 5, -20
  36              		.cfi_offset 6, -16
  37              		.cfi_offset 7, -12
  38              		.cfi_offset 8, -8
  39              		.cfi_offset 14, -4
  40 0004 88B0     		sub	sp, sp, #32
  41              	.LCFI1:
  42              		.cfi_def_cfa_offset 56
  44:Core/Src/gpio.c **** 
  45:Core/Src/gpio.c ****   GPIO_InitTypeDef GPIO_InitStruct = {0};
  43              		.loc 1 45 3 view .LVU1
  44              		.loc 1 45 20 is_stmt 0 view .LVU2
  45 0006 0024     		movs	r4, #0
  46 0008 0494     		str	r4, [sp, #16]
  47 000a 0594     		str	r4, [sp, #20]
  48 000c 0694     		str	r4, [sp, #24]
  49 000e 0794     		str	r4, [sp, #28]
  46:Core/Src/gpio.c **** 
  47:Core/Src/gpio.c ****   /* GPIO Ports Clock Enable */
  48:Core/Src/gpio.c ****   __HAL_RCC_GPIOD_CLK_ENABLE();
  50              		.loc 1 48 3 is_stmt 1 view .LVU3
  51              	.LBB2:
  52              		.loc 1 48 3 view .LVU4
  53              		.loc 1 48 3 view .LVU5
  54 0010 264B     		ldr	r3, .L3
  55 0012 9A69     		ldr	r2, [r3, #24]
  56 0014 42F02002 		orr	r2, r2, #32
  57 0018 9A61     		str	r2, [r3, #24]
  58              		.loc 1 48 3 view .LVU6
  59 001a 9A69     		ldr	r2, [r3, #24]
  60 001c 02F02002 		and	r2, r2, #32
  61 0020 0192     		str	r2, [sp, #4]
  62              		.loc 1 48 3 view .LVU7
  63 0022 019A     		ldr	r2, [sp, #4]
  64              	.LBE2:
  65              		.loc 1 48 3 view .LVU8
  49:Core/Src/gpio.c ****   __HAL_RCC_GPIOA_CLK_ENABLE();
  66              		.loc 1 49 3 view .LVU9
ARM GAS  C:\Users\ardav\AppData\Local\Temp\ccD4keUI.s 			page 3


  67              	.LBB3:
  68              		.loc 1 49 3 view .LVU10
  69              		.loc 1 49 3 view .LVU11
  70 0024 9A69     		ldr	r2, [r3, #24]
  71 0026 42F00402 		orr	r2, r2, #4
  72 002a 9A61     		str	r2, [r3, #24]
  73              		.loc 1 49 3 view .LVU12
  74 002c 9A69     		ldr	r2, [r3, #24]
  75 002e 02F00402 		and	r2, r2, #4
  76 0032 0292     		str	r2, [sp, #8]
  77              		.loc 1 49 3 view .LVU13
  78 0034 029A     		ldr	r2, [sp, #8]
  79              	.LBE3:
  80              		.loc 1 49 3 view .LVU14
  50:Core/Src/gpio.c ****   __HAL_RCC_GPIOB_CLK_ENABLE();
  81              		.loc 1 50 3 view .LVU15
  82              	.LBB4:
  83              		.loc 1 50 3 view .LVU16
  84              		.loc 1 50 3 view .LVU17
  85 0036 9A69     		ldr	r2, [r3, #24]
  86 0038 42F00802 		orr	r2, r2, #8
  87 003c 9A61     		str	r2, [r3, #24]
  88              		.loc 1 50 3 view .LVU18
  89 003e 9B69     		ldr	r3, [r3, #24]
  90 0040 03F00803 		and	r3, r3, #8
  91 0044 0393     		str	r3, [sp, #12]
  92              		.loc 1 50 3 view .LVU19
  93 0046 039B     		ldr	r3, [sp, #12]
  94              	.LBE4:
  95              		.loc 1 50 3 view .LVU20
  51:Core/Src/gpio.c **** 
  52:Core/Src/gpio.c ****   /*Configure GPIO pin Output Level */
  53:Core/Src/gpio.c ****   HAL_GPIO_WritePin(GPIOA, GPIO_PIN_4|GPIO_PIN_8|GPIO_PIN_10, GPIO_PIN_RESET);
  96              		.loc 1 53 3 view .LVU21
  97 0048 194E     		ldr	r6, .L3+4
  98 004a 2246     		mov	r2, r4
  99 004c 4FF4A261 		mov	r1, #1296
 100 0050 3046     		mov	r0, r6
 101 0052 FFF7FEFF 		bl	HAL_GPIO_WritePin
 102              	.LVL0:
  54:Core/Src/gpio.c **** 
  55:Core/Src/gpio.c ****   /*Configure GPIO pin Output Level */
  56:Core/Src/gpio.c ****   HAL_GPIO_WritePin(GPIOB, GPIO_PIN_12, GPIO_PIN_RESET);
 103              		.loc 1 56 3 view .LVU22
 104 0056 174F     		ldr	r7, .L3+8
 105 0058 2246     		mov	r2, r4
 106 005a 4FF48051 		mov	r1, #4096
 107 005e 3846     		mov	r0, r7
 108 0060 FFF7FEFF 		bl	HAL_GPIO_WritePin
 109              	.LVL1:
  57:Core/Src/gpio.c **** 
  58:Core/Src/gpio.c ****   /*Configure GPIO pin : PA0 */
  59:Core/Src/gpio.c ****   GPIO_InitStruct.Pin = GPIO_PIN_0;
 110              		.loc 1 59 3 view .LVU23
 111              		.loc 1 59 23 is_stmt 0 view .LVU24
 112 0064 0125     		movs	r5, #1
 113 0066 0495     		str	r5, [sp, #16]
ARM GAS  C:\Users\ardav\AppData\Local\Temp\ccD4keUI.s 			page 4


  60:Core/Src/gpio.c ****   GPIO_InitStruct.Mode = GPIO_MODE_INPUT;
 114              		.loc 1 60 3 is_stmt 1 view .LVU25
 115              		.loc 1 60 24 is_stmt 0 view .LVU26
 116 0068 0594     		str	r4, [sp, #20]
  61:Core/Src/gpio.c ****   GPIO_InitStruct.Pull = GPIO_PULLUP;
 117              		.loc 1 61 3 is_stmt 1 view .LVU27
 118              		.loc 1 61 24 is_stmt 0 view .LVU28
 119 006a 0695     		str	r5, [sp, #24]
  62:Core/Src/gpio.c ****   HAL_GPIO_Init(GPIOA, &GPIO_InitStruct);
 120              		.loc 1 62 3 is_stmt 1 view .LVU29
 121 006c 04A9     		add	r1, sp, #16
 122 006e 3046     		mov	r0, r6
 123 0070 FFF7FEFF 		bl	HAL_GPIO_Init
 124              	.LVL2:
  63:Core/Src/gpio.c **** 
  64:Core/Src/gpio.c ****   /*Configure GPIO pins : PA4 PA8 PA10 */
  65:Core/Src/gpio.c ****   GPIO_InitStruct.Pin = GPIO_PIN_4|GPIO_PIN_8|GPIO_PIN_10;
 125              		.loc 1 65 3 view .LVU30
 126              		.loc 1 65 23 is_stmt 0 view .LVU31
 127 0074 4FF4A263 		mov	r3, #1296
 128 0078 0493     		str	r3, [sp, #16]
  66:Core/Src/gpio.c ****   GPIO_InitStruct.Mode = GPIO_MODE_OUTPUT_PP;
 129              		.loc 1 66 3 is_stmt 1 view .LVU32
 130              		.loc 1 66 24 is_stmt 0 view .LVU33
 131 007a 0595     		str	r5, [sp, #20]
  67:Core/Src/gpio.c ****   GPIO_InitStruct.Pull = GPIO_NOPULL;
 132              		.loc 1 67 3 is_stmt 1 view .LVU34
 133              		.loc 1 67 24 is_stmt 0 view .LVU35
 134 007c 0694     		str	r4, [sp, #24]
  68:Core/Src/gpio.c ****   GPIO_InitStruct.Speed = GPIO_SPEED_FREQ_LOW;
 135              		.loc 1 68 3 is_stmt 1 view .LVU36
 136              		.loc 1 68 25 is_stmt 0 view .LVU37
 137 007e 4FF00208 		mov	r8, #2
 138 0082 CDF81C80 		str	r8, [sp, #28]
  69:Core/Src/gpio.c ****   HAL_GPIO_Init(GPIOA, &GPIO_InitStruct);
 139              		.loc 1 69 3 is_stmt 1 view .LVU38
 140 0086 04A9     		add	r1, sp, #16
 141 0088 3046     		mov	r0, r6
 142 008a FFF7FEFF 		bl	HAL_GPIO_Init
 143              	.LVL3:
  70:Core/Src/gpio.c **** 
  71:Core/Src/gpio.c ****   /*Configure GPIO pin : PB12 */
  72:Core/Src/gpio.c ****   GPIO_InitStruct.Pin = GPIO_PIN_12;
 144              		.loc 1 72 3 view .LVU39
 145              		.loc 1 72 23 is_stmt 0 view .LVU40
 146 008e 4FF48053 		mov	r3, #4096
 147 0092 0493     		str	r3, [sp, #16]
  73:Core/Src/gpio.c ****   GPIO_InitStruct.Mode = GPIO_MODE_OUTPUT_PP;
 148              		.loc 1 73 3 is_stmt 1 view .LVU41
 149              		.loc 1 73 24 is_stmt 0 view .LVU42
 150 0094 0595     		str	r5, [sp, #20]
  74:Core/Src/gpio.c ****   GPIO_InitStruct.Pull = GPIO_NOPULL;
 151              		.loc 1 74 3 is_stmt 1 view .LVU43
 152              		.loc 1 74 24 is_stmt 0 view .LVU44
 153 0096 0694     		str	r4, [sp, #24]
  75:Core/Src/gpio.c ****   GPIO_InitStruct.Speed = GPIO_SPEED_FREQ_LOW;
 154              		.loc 1 75 3 is_stmt 1 view .LVU45
ARM GAS  C:\Users\ardav\AppData\Local\Temp\ccD4keUI.s 			page 5


 155              		.loc 1 75 25 is_stmt 0 view .LVU46
 156 0098 CDF81C80 		str	r8, [sp, #28]
  76:Core/Src/gpio.c ****   HAL_GPIO_Init(GPIOB, &GPIO_InitStruct);
 157              		.loc 1 76 3 is_stmt 1 view .LVU47
 158 009c 04A9     		add	r1, sp, #16
 159 009e 3846     		mov	r0, r7
 160 00a0 FFF7FEFF 		bl	HAL_GPIO_Init
 161              	.LVL4:
  77:Core/Src/gpio.c **** 
  78:Core/Src/gpio.c **** }
 162              		.loc 1 78 1 is_stmt 0 view .LVU48
 163 00a4 08B0     		add	sp, sp, #32
 164              	.LCFI2:
 165              		.cfi_def_cfa_offset 24
 166              		@ sp needed
 167 00a6 BDE8F081 		pop	{r4, r5, r6, r7, r8, pc}
 168              	.L4:
 169 00aa 00BF     		.align	2
 170              	.L3:
 171 00ac 00100240 		.word	1073876992
 172 00b0 00080140 		.word	1073809408
 173 00b4 000C0140 		.word	1073810432
 174              		.cfi_endproc
 175              	.LFE65:
 177              		.text
 178              	.Letext0:
 179              		.file 2 "d:\\programs\\tools\\arm gnu toolchain arm-none-eabi\\11.3 rel1\\arm-none-eabi\\include\\
 180              		.file 3 "d:\\programs\\tools\\arm gnu toolchain arm-none-eabi\\11.3 rel1\\arm-none-eabi\\include\\
 181              		.file 4 "Drivers/CMSIS/Device/ST/STM32F1xx/Include/stm32f103xb.h"
 182              		.file 5 "Drivers/STM32F1xx_HAL_Driver/Inc/stm32f1xx_hal_gpio.h"
ARM GAS  C:\Users\ardav\AppData\Local\Temp\ccD4keUI.s 			page 6


DEFINED SYMBOLS
                            *ABS*:00000000 gpio.c
C:\Users\ardav\AppData\Local\Temp\ccD4keUI.s:18     .text.MX_GPIO_Init:00000000 $t
C:\Users\ardav\AppData\Local\Temp\ccD4keUI.s:24     .text.MX_GPIO_Init:00000000 MX_GPIO_Init
C:\Users\ardav\AppData\Local\Temp\ccD4keUI.s:171    .text.MX_GPIO_Init:000000ac $d

UNDEFINED SYMBOLS
HAL_GPIO_WritePin
HAL_GPIO_Init
